Unity Editor version:    2021.3.0f1 (6eacc8284459)
Branch:                  2021.3/staging
Build type:              Release
Batch mode:              YES
macOS version:           Version 11.6 (Build 20G165)
Darwin version:          20.6.0
Architecture:            x86_64
Running under Rosetta:   YES
Available memory:        8192 MB
Using pre-set license
Pro License: YES

COMMAND LINE ARGUMENTS:
/Applications/Unity/Hub/Editor/2021.3.0f1/Unity.app/Contents/MacOS/Unity
-adb2
-batchMode
-noUpm
-name
AssetImportWorker0
-projectPath
/Users/ngokhoa/Desktop/unity/TestMoveAndZoomCameraInMobile
-logFile
Logs/AssetImportWorker0.log
-srvPort
52613
Successfully changed project path to: /Users/ngokhoa/Desktop/unity/TestMoveAndZoomCameraInMobile
/Users/ngokhoa/Desktop/unity/TestMoveAndZoomCameraInMobile
[UnityMemory] Configuration Parameters - Can be set up in boot.config
    "memorysetup-bucket-allocator-granularity=16"
    "memorysetup-bucket-allocator-bucket-count=8"
    "memorysetup-bucket-allocator-block-size=33554432"
    "memorysetup-bucket-allocator-block-count=8"
    "memorysetup-main-allocator-block-size=16777216"
    "memorysetup-thread-allocator-block-size=16777216"
    "memorysetup-gfx-main-allocator-block-size=16777216"
    "memorysetup-gfx-thread-allocator-block-size=16777216"
    "memorysetup-cache-allocator-block-size=4194304"
    "memorysetup-typetree-allocator-block-size=2097152"
    "memorysetup-profiler-bucket-allocator-granularity=16"
    "memorysetup-profiler-bucket-allocator-bucket-count=8"
    "memorysetup-profiler-bucket-allocator-block-size=33554432"
    "memorysetup-profiler-bucket-allocator-block-count=8"
    "memorysetup-profiler-allocator-block-size=16777216"
    "memorysetup-profiler-editor-allocator-block-size=1048576"
    "memorysetup-temp-allocator-size-main=16777216"
    "memorysetup-job-temp-allocator-block-size=2097152"
    "memorysetup-job-temp-allocator-block-size-background=1048576"
    "memorysetup-job-temp-allocator-reduction-small-platforms=262144"
    "memorysetup-temp-allocator-size-background-worker=32768"
    "memorysetup-temp-allocator-size-job-worker=262144"
    "memorysetup-temp-allocator-size-preload-manager=33554432"
    "memorysetup-temp-allocator-size-nav-mesh-worker=65536"
    "memorysetup-temp-allocator-size-audio-worker=65536"
    "memorysetup-temp-allocator-size-cloud-worker=32768"
    "memorysetup-temp-allocator-size-gi-baking-worker=262144"
    "memorysetup-temp-allocator-size-gfx=262144"
Refreshing native plugins compatible for Editor in 118.56 ms, found 2 plugins.
Preloading 0 native plugins for Editor in 0.00 ms.
Initialize engine version: 2021.3.0f1 (6eacc8284459)
[Subsystems] Discovering subsystems at path /Applications/Unity/Hub/Editor/2021.3.0f1/Unity.app/Contents/Resources/UnitySubsystems
[Subsystems] Discovering subsystems at path /Users/ngokhoa/Desktop/unity/TestMoveAndZoomCameraInMobile/Assets
GfxDevice: creating device client; threaded=0; jobified=0
 preferred device: Apple M1 (high power)
Metal devices available: 1
0: Apple M1 (high power)
Using device Apple M1 (high power)
Initializing Metal device caps: Apple M1
Initialize mono
Mono path[0] = '/Applications/Unity/Hub/Editor/2021.3.0f1/Unity.app/Contents/Managed'
Mono path[1] = '/Applications/Unity/Hub/Editor/2021.3.0f1/Unity.app/Contents/MonoBleedingEdge/lib/mono/unityjit-macos'
Mono config path = '/Applications/Unity/Hub/Editor/2021.3.0f1/Unity.app/Contents/MonoBleedingEdge/etc'
Using monoOptions --debugger-agent=transport=dt_socket,embedding=1,server=y,suspend=n,address=127.0.0.1:56388
Begin MonoManager ReloadAssembly
Registering precompiled unity dll's ...
Register platform support module: /Applications/Unity/Hub/Editor/2021.3.0f1/Unity.app/Contents/PlaybackEngines/MacStandaloneSupport/UnityEditor.OSXStandalone.Extensions.dll
Register platform support module: /Applications/Unity/Hub/Editor/2021.3.0f1/PlaybackEngines/iOSSupport/UnityEditor.iOS.Extensions.dll
Registered in 0.002456 seconds.
[usbmuxd] Start listen thread
[usbmuxd] Listen thread started
[usbmuxd] Send listen message
Native extension for iOS target not found
Native extension for OSXStandalone target not found
Refreshing native plugins compatible for Editor in 103.80 ms, found 2 plugins.
Preloading 0 native plugins for Editor in 0.00 ms.
Mono: successfully reloaded assembly
- Completed reload, in  1.889 seconds
Domain Reload Profiling:
	ReloadAssembly (1890ms)
		BeginReloadAssembly (158ms)
			ExecutionOrderSort (0ms)
			DisableScriptedObjects (0ms)
			BackupInstance (0ms)
			ReleaseScriptingObjects (0ms)
			CreateAndSetChildDomain (6ms)
		EndReloadAssembly (1415ms)
			LoadAssemblies (152ms)
			RebuildTransferFunctionScriptingTraits (1ms)
			SetupTypeCache (173ms)
			ReleaseScriptCaches (0ms)
			RebuildScriptCaches (39ms)
			SetupLoadedEditorAssemblies (1019ms)
				LogAssemblyErrors (0ms)
				InitializePlatformSupportModulesInManaged (145ms)
				SetLoadedEditorAssemblies (1ms)
				RefreshPlugins (104ms)
				BeforeProcessingInitializeOnLoad (5ms)
				ProcessInitializeOnLoadAttributes (552ms)
				ProcessInitializeOnLoadMethodAttributes (212ms)
				AfterProcessingInitializeOnLoad (0ms)
				EditorAssembliesLoaded (0ms)
			ExecutionOrderSort2 (0ms)
			AwakeInstancesAfterBackupRestoration (0ms)
Platform modules already initialized, skipping
Registering precompiled user dll's ...
Registered in 0.001479 seconds.
Begin MonoManager ReloadAssembly
Symbol file LoadedFromMemory doesn't match image /Users/ngokhoa/Desktop/unity/TestMoveAndZoomCameraInMobile/Library/PackageCache/com.unity.visualscripting@1.7.6/Editor/VisualScripting.Core/Dependencies/YamlDotNet/Unity.VisualScripting.YamlDotNet.dll
Symbol file LoadedFromMemory is not a mono symbol file
Symbol file LoadedFromMemory doesn't match image /Users/ngokhoa/Desktop/unity/TestMoveAndZoomCameraInMobile/Library/PackageCache/com.unity.visualscripting@1.7.6/Editor/VisualScripting.Core/Dependencies/DotNetZip/Unity.VisualScripting.IonicZip.dll
Native extension for iOS target not found
Native extension for OSXStandalone target not found
Refreshing native plugins compatible for Editor in 0.48 ms, found 2 plugins.
Preloading 0 native plugins for Editor in 0.00 ms.
Mono: successfully reloaded assembly
- Completed reload, in  2.987 seconds
Domain Reload Profiling:
	ReloadAssembly (2997ms)
		BeginReloadAssembly (308ms)
			ExecutionOrderSort (0ms)
			DisableScriptedObjects (47ms)
			BackupInstance (0ms)
			ReleaseScriptingObjects (0ms)
			CreateAndSetChildDomain (48ms)
		EndReloadAssembly (2343ms)
			LoadAssemblies (205ms)
			RebuildTransferFunctionScriptingTraits (0ms)
			SetupTypeCache (388ms)
			ReleaseScriptCaches (1ms)
			RebuildScriptCaches (77ms)
			SetupLoadedEditorAssemblies (1450ms)
				LogAssemblyErrors (0ms)
				InitializePlatformSupportModulesInManaged (90ms)
				SetLoadedEditorAssemblies (3ms)
				RefreshPlugins (1ms)
				BeforeProcessingInitializeOnLoad (149ms)
				ProcessInitializeOnLoadAttributes (1091ms)
				ProcessInitializeOnLoadMethodAttributes (116ms)
				AfterProcessingInitializeOnLoad (2ms)
				EditorAssembliesLoaded (0ms)
			ExecutionOrderSort2 (0ms)
			AwakeInstancesAfterBackupRestoration (12ms)
Platform modules already initialized, skipping
========================================================================
Worker process is ready to serve import requests
Launching external process: /Applications/Unity/Hub/Editor/2021.3.0f1/Unity.app/Contents/Tools/UnityShaderCompiler
Launched and connected shader compiler UnityShaderCompiler after 0.09 seconds
Refreshing native plugins compatible for Editor in 0.69 ms, found 2 plugins.
Preloading 0 native plugins for Editor in 0.00 ms.
Unloading 3225 Unused Serialized files (Serialized files now loaded: 0)
Unloading 23 unused Assets / (95.5 KB). Loaded Objects now: 3685.
Memory consumption went from 220.4 MB to 220.3 MB.
Total: 4.807541 ms (FindLiveObjects: 1.249500 ms CreateObjectMapping: 0.113625 ms MarkObjects: 3.331083 ms  DeleteObjects: 0.112458 ms)

AssetImportParameters requested are different than current active one (requested -> active):
  custom:video-decoder-ogg-theora: a1e56fd34408186e4bbccfd4996cb3dc -> 
  custom:container-muxer-webm: aa71ff27fc2769a1b78a27578f13a17b -> 
  custom:container-demuxer-webm: 4f35f7cbe854078d1ac9338744f61a02 -> 
  custom:video-encoder-webm-vp8: eb34c28f22e8b96e1ab97ce403110664 -> 
  custom:framework-osx-AVFoundation: e770b220cccbd017edd2c1fefb359320 -> 
  custom:audio-encoder-webm-vorbis: bf7c407c2cedff20999df2af8eb42d56 -> 
  custom:container-demuxer-ogg: 62fdf1f143b41e24485cea50d1cbac27 -> 
  custom:video-decoder-webm-vp8: 9c59270c3fd7afecdb556c50c9e8de78 -> 
  custom:audio-decoder-ogg-vorbis: bf7c407c2cedff20999df2af8eb42d56 -> 
========================================================================
Received Import Request.
  Time since last request: 284883.619340 seconds.
  path: Assets/New Folder
  artifactKey: Guid(41b7c2f95e40a44858ffc8a7f32c862f) Importer(815301076,1909f56bfc062723c751e8b465ee728b)
Start importing Assets/New Folder using Guid(41b7c2f95e40a44858ffc8a7f32c862f) Importer(815301076,1909f56bfc062723c751e8b465ee728b)  -> (artifact id: '60efcac8c497d52ca9ab852240204bf8') in 0.010142 seconds 
========================================================================
Received Import Request.
  Time since last request: 334.492312 seconds.
  path: Assets/Material
  artifactKey: Guid(41b7c2f95e40a44858ffc8a7f32c862f) Importer(815301076,1909f56bfc062723c751e8b465ee728b)
Start importing Assets/Material using Guid(41b7c2f95e40a44858ffc8a7f32c862f) Importer(815301076,1909f56bfc062723c751e8b465ee728b)  -> (artifact id: '89fbb2842ca70dafdb637e2b2461ee1c') in 0.001614 seconds 
========================================================================
Received Import Request.
  Time since last request: 68.581526 seconds.
  path: Assets/Material/Background.mat
  artifactKey: Guid(feaf8dbb5127d410784f9788130a94ed) Importer(815301076,1909f56bfc062723c751e8b465ee728b)
Start importing Assets/Material/Background.mat using Guid(feaf8dbb5127d410784f9788130a94ed) Importer(815301076,1909f56bfc062723c751e8b465ee728b)  -> (artifact id: 'fb2deb861c1933aa93520344fb7da4f2') in 1.324558 seconds 
========================================================================
Received Import Request.
  Time since last request: 721.652401 seconds.
  path: Assets/Material/New Material.mat
  artifactKey: Guid(8cf24fcd463b54985bfd724e72e5abbc) Importer(815301076,1909f56bfc062723c751e8b465ee728b)
Start importing Assets/Material/New Material.mat using Guid(8cf24fcd463b54985bfd724e72e5abbc) Importer(815301076,1909f56bfc062723c751e8b465ee728b)  -> (artifact id: '11c3ea626c8fefff29355594f121b55f') in 0.063542 seconds 
========================================================================
Received Import Request.
  Time since last request: 11.536805 seconds.
  path: Assets/Material/Mat1.mat
  artifactKey: Guid(8cf24fcd463b54985bfd724e72e5abbc) Importer(815301076,1909f56bfc062723c751e8b465ee728b)
Start importing Assets/Material/Mat1.mat using Guid(8cf24fcd463b54985bfd724e72e5abbc) Importer(815301076,1909f56bfc062723c751e8b465ee728b)  -> (artifact id: '2db12720df3ce914ac821524fd078091') in 0.014360 seconds 
========================================================================
Received Import Request.
  Time since last request: 5.818389 seconds.
  path: Assets/Material/Background.mat
  artifactKey: Guid(feaf8dbb5127d410784f9788130a94ed) Importer(815301076,1909f56bfc062723c751e8b465ee728b)
Start importing Assets/Material/Background.mat using Guid(feaf8dbb5127d410784f9788130a94ed) Importer(815301076,1909f56bfc062723c751e8b465ee728b)  -> (artifact id: 'e4f3e5807dbceb0e441fbaa33abec6f5') in 0.019056 seconds 
========================================================================
Received Import Request.
  Time since last request: 1.186383 seconds.
  path: Assets/Material/Mat1 1.mat
  artifactKey: Guid(ef27bffca5f624e5d98a9f8e2e644eb1) Importer(815301076,1909f56bfc062723c751e8b465ee728b)
Start importing Assets/Material/Mat1 1.mat using Guid(ef27bffca5f624e5d98a9f8e2e644eb1) Importer(815301076,1909f56bfc062723c751e8b465ee728b)  -> (artifact id: '155994441f50854f7904a07492882529') in 0.060439 seconds 
========================================================================
Received Import Request.
  Time since last request: 0.000095 seconds.
  path: Assets/Material/Mat1 2.mat
  artifactKey: Guid(a118efc381951459686279a866a459a9) Importer(815301076,1909f56bfc062723c751e8b465ee728b)
Start importing Assets/Material/Mat1 2.mat using Guid(a118efc381951459686279a866a459a9) Importer(815301076,1909f56bfc062723c751e8b465ee728b)  -> (artifact id: '40f7434e68384b421cb3cfb3d45e1ad6') in 0.007791 seconds 
========================================================================
Received Import Request.
  Time since last request: 0.836258 seconds.
  path: Assets/Material/Mat1 3.mat
  artifactKey: Guid(a27e3adaaa8854db983513857c41f460) Importer(815301076,1909f56bfc062723c751e8b465ee728b)
Start importing Assets/Material/Mat1 3.mat using Guid(a27e3adaaa8854db983513857c41f460) Importer(815301076,1909f56bfc062723c751e8b465ee728b)  -> (artifact id: '996d3c7bcc7cd1b23dfe5f951f3b4717') in 0.007296 seconds 
========================================================================
Received Import Request.
  Time since last request: 0.694901 seconds.
  path: Assets/Material/Mat1 4.mat
  artifactKey: Guid(09c5e4b81b8894ea5ba75166698b4319) Importer(815301076,1909f56bfc062723c751e8b465ee728b)
Start importing Assets/Material/Mat1 4.mat using Guid(09c5e4b81b8894ea5ba75166698b4319) Importer(815301076,1909f56bfc062723c751e8b465ee728b)  -> (artifact id: '511d4d1acf83cf07f6d31492ae31998f') in 0.007321 seconds 
========================================================================
Received Import Request.
  Time since last request: 690.535209 seconds.
  path: Assets/New Folder
  artifactKey: Guid(cdee285278beb4451aaaa6058263a448) Importer(815301076,1909f56bfc062723c751e8b465ee728b)
Start importing Assets/New Folder using Guid(cdee285278beb4451aaaa6058263a448) Importer(815301076,1909f56bfc062723c751e8b465ee728b)  -> (artifact id: 'ff2c0b2251af92706b4f9c13cd93c8db') in 0.001442 seconds 
========================================================================
Received Import Request.
  Time since last request: 19.488917 seconds.
  path: Assets/Scripts
  artifactKey: Guid(cdee285278beb4451aaaa6058263a448) Importer(815301076,1909f56bfc062723c751e8b465ee728b)
Start importing Assets/Scripts using Guid(cdee285278beb4451aaaa6058263a448) Importer(815301076,1909f56bfc062723c751e8b465ee728b)  -> (artifact id: 'cd6ad0bd0f681e4a9589865bb98345a6') in 0.001646 seconds 
========================================================================
Received Import Request.
  Time since last request: 13.627663 seconds.
  path: Assets/Scripts/GameManager.cs
  artifactKey: Guid(caedf9db949c741ff8ee1b5fbed9aa99) Importer(815301076,1909f56bfc062723c751e8b465ee728b)
Start importing Assets/Scripts/GameManager.cs using Guid(caedf9db949c741ff8ee1b5fbed9aa99) Importer(815301076,1909f56bfc062723c751e8b465ee728b)  -> (artifact id: '87f8a290eb6c3081071746221c2976c3') in 0.335761 seconds 
========================================================================
Received Prepare
Registering precompiled user dll's ...
Registered in 0.001821 seconds.
Begin MonoManager ReloadAssembly
Symbol file LoadedFromMemory doesn't match image /Users/ngokhoa/Desktop/unity/TestMoveAndZoomCameraInMobile/Library/PackageCache/com.unity.visualscripting@1.7.6/Editor/VisualScripting.Core/Dependencies/YamlDotNet/Unity.VisualScripting.YamlDotNet.dll
Symbol file LoadedFromMemory is not a mono symbol file
Symbol file LoadedFromMemory doesn't match image /Users/ngokhoa/Desktop/unity/TestMoveAndZoomCameraInMobile/Library/PackageCache/com.unity.visualscripting@1.7.6/Editor/VisualScripting.Core/Dependencies/DotNetZip/Unity.VisualScripting.IonicZip.dll
Native extension for iOS target not found
Native extension for OSXStandalone target not found
Refreshing native plugins compatible for Editor in 1.22 ms, found 2 plugins.
Preloading 0 native plugins for Editor in 0.00 ms.
Mono: successfully reloaded assembly
- Completed reload, in  5.605 seconds
Domain Reload Profiling:
	ReloadAssembly (5610ms)
		BeginReloadAssembly (699ms)
			ExecutionOrderSort (0ms)
			DisableScriptedObjects (60ms)
			BackupInstance (0ms)
			ReleaseScriptingObjects (0ms)
			CreateAndSetChildDomain (238ms)
		EndReloadAssembly (4519ms)
			LoadAssemblies (305ms)
			RebuildTransferFunctionScriptingTraits (2ms)
			SetupTypeCache (439ms)
			ReleaseScriptCaches (20ms)
			RebuildScriptCaches (60ms)
			SetupLoadedEditorAssemblies (3412ms)
				LogAssemblyErrors (0ms)
				InitializePlatformSupportModulesInManaged (832ms)
				SetLoadedEditorAssemblies (8ms)
				RefreshPlugins (1ms)
				BeforeProcessingInitializeOnLoad (268ms)
				ProcessInitializeOnLoadAttributes (2074ms)
				ProcessInitializeOnLoadMethodAttributes (224ms)
				AfterProcessingInitializeOnLoad (3ms)
				EditorAssembliesLoaded (1ms)
			ExecutionOrderSort2 (0ms)
			AwakeInstancesAfterBackupRestoration (27ms)
Platform modules already initialized, skipping
Refreshing native plugins compatible for Editor in 1.46 ms, found 2 plugins.
Preloading 0 native plugins for Editor in 0.00 ms.
Unloading 3221 Unused Serialized files (Serialized files now loaded: 0)
Unloading 16 unused Assets / (71.8 KB). Loaded Objects now: 3728.
Memory consumption went from 234.4 MB to 234.3 MB.
Total: 7.661958 ms (FindLiveObjects: 0.233458 ms CreateObjectMapping: 0.130625 ms MarkObjects: 7.170000 ms  DeleteObjects: 0.126541 ms)

AssetImportParameters requested are different than current active one (requested -> active):
  custom:video-decoder-ogg-theora: a1e56fd34408186e4bbccfd4996cb3dc -> 
  custom:container-muxer-webm: aa71ff27fc2769a1b78a27578f13a17b -> 
  custom:container-demuxer-webm: 4f35f7cbe854078d1ac9338744f61a02 -> 
  custom:video-encoder-webm-vp8: eb34c28f22e8b96e1ab97ce403110664 -> 
  custom:framework-osx-AVFoundation: e770b220cccbd017edd2c1fefb359320 -> 
  custom:audio-encoder-webm-vorbis: bf7c407c2cedff20999df2af8eb42d56 -> 
  custom:container-demuxer-ogg: 62fdf1f143b41e24485cea50d1cbac27 -> 
  custom:video-decoder-webm-vp8: 9c59270c3fd7afecdb556c50c9e8de78 -> 
  custom:audio-decoder-ogg-vorbis: bf7c407c2cedff20999df2af8eb42d56 -> 
========================================================================
Received Prepare
Registering precompiled user dll's ...
Registered in 0.001522 seconds.
Begin MonoManager ReloadAssembly
Symbol file LoadedFromMemory doesn't match image /Users/ngokhoa/Desktop/unity/TestMoveAndZoomCameraInMobile/Library/PackageCache/com.unity.visualscripting@1.7.6/Editor/VisualScripting.Core/Dependencies/YamlDotNet/Unity.VisualScripting.YamlDotNet.dll
Symbol file LoadedFromMemory is not a mono symbol file
Symbol file LoadedFromMemory doesn't match image /Users/ngokhoa/Desktop/unity/TestMoveAndZoomCameraInMobile/Library/PackageCache/com.unity.visualscripting@1.7.6/Editor/VisualScripting.Core/Dependencies/DotNetZip/Unity.VisualScripting.IonicZip.dll
Native extension for iOS target not found
Native extension for OSXStandalone target not found
Refreshing native plugins compatible for Editor in 1.05 ms, found 2 plugins.
Preloading 0 native plugins for Editor in 0.00 ms.
Mono: successfully reloaded assembly
- Completed reload, in  3.701 seconds
Domain Reload Profiling:
	ReloadAssembly (3705ms)
		BeginReloadAssembly (861ms)
			ExecutionOrderSort (0ms)
			DisableScriptedObjects (77ms)
			BackupInstance (0ms)
			ReleaseScriptingObjects (0ms)
			CreateAndSetChildDomain (241ms)
		EndReloadAssembly (2356ms)
			LoadAssemblies (447ms)
			RebuildTransferFunctionScriptingTraits (0ms)
			SetupTypeCache (404ms)
			ReleaseScriptCaches (22ms)
			RebuildScriptCaches (51ms)
			SetupLoadedEditorAssemblies (1433ms)
				LogAssemblyErrors (0ms)
				InitializePlatformSupportModulesInManaged (112ms)
				SetLoadedEditorAssemblies (3ms)
				RefreshPlugins (1ms)
				BeforeProcessingInitializeOnLoad (153ms)
				ProcessInitializeOnLoadAttributes (1018ms)
				ProcessInitializeOnLoadMethodAttributes (144ms)
				AfterProcessingInitializeOnLoad (1ms)
				EditorAssembliesLoaded (0ms)
			ExecutionOrderSort2 (0ms)
			AwakeInstancesAfterBackupRestoration (19ms)
Platform modules already initialized, skipping
Refreshing native plugins compatible for Editor in 1.52 ms, found 2 plugins.
Preloading 0 native plugins for Editor in 0.00 ms.
Unloading 3221 Unused Serialized files (Serialized files now loaded: 0)
Unloading 16 unused Assets / (71.7 KB). Loaded Objects now: 3731.
Memory consumption went from 234.5 MB to 234.4 MB.
Total: 10.764542 ms (FindLiveObjects: 0.361459 ms CreateObjectMapping: 0.463541 ms MarkObjects: 9.771458 ms  DeleteObjects: 0.167167 ms)

AssetImportParameters requested are different than current active one (requested -> active):
  custom:video-decoder-ogg-theora: a1e56fd34408186e4bbccfd4996cb3dc -> 
  custom:container-muxer-webm: aa71ff27fc2769a1b78a27578f13a17b -> 
  custom:container-demuxer-webm: 4f35f7cbe854078d1ac9338744f61a02 -> 
  custom:video-encoder-webm-vp8: eb34c28f22e8b96e1ab97ce403110664 -> 
  custom:framework-osx-AVFoundation: e770b220cccbd017edd2c1fefb359320 -> 
  custom:audio-encoder-webm-vorbis: bf7c407c2cedff20999df2af8eb42d56 -> 
  custom:container-demuxer-ogg: 62fdf1f143b41e24485cea50d1cbac27 -> 
  custom:video-decoder-webm-vp8: 9c59270c3fd7afecdb556c50c9e8de78 -> 
  custom:audio-decoder-ogg-vorbis: bf7c407c2cedff20999df2af8eb42d56 -> 
========================================================================
Received Import Request.
  Time since last request: 249.817567 seconds.
  path: Assets/Scripts/GameManager.cs
  artifactKey: Guid(caedf9db949c741ff8ee1b5fbed9aa99) Importer(815301076,1909f56bfc062723c751e8b465ee728b)
Start importing Assets/Scripts/GameManager.cs using Guid(caedf9db949c741ff8ee1b5fbed9aa99) Importer(815301076,1909f56bfc062723c751e8b465ee728b)  -> (artifact id: 'c5b3d6da341648fda1b6a7de409058df') in 0.016421 seconds 
========================================================================
Received Prepare
Registering precompiled user dll's ...
Registered in 0.001482 seconds.
Begin MonoManager ReloadAssembly
Symbol file LoadedFromMemory doesn't match image /Users/ngokhoa/Desktop/unity/TestMoveAndZoomCameraInMobile/Library/PackageCache/com.unity.visualscripting@1.7.6/Editor/VisualScripting.Core/Dependencies/YamlDotNet/Unity.VisualScripting.YamlDotNet.dll
Symbol file LoadedFromMemory is not a mono symbol file
Symbol file LoadedFromMemory doesn't match image /Users/ngokhoa/Desktop/unity/TestMoveAndZoomCameraInMobile/Library/PackageCache/com.unity.visualscripting@1.7.6/Editor/VisualScripting.Core/Dependencies/DotNetZip/Unity.VisualScripting.IonicZip.dll
Native extension for iOS target not found
Native extension for OSXStandalone target not found
Refreshing native plugins compatible for Editor in 0.93 ms, found 2 plugins.
Preloading 0 native plugins for Editor in 0.00 ms.
Mono: successfully reloaded assembly
- Completed reload, in  3.059 seconds
Domain Reload Profiling:
	ReloadAssembly (3061ms)
		BeginReloadAssembly (474ms)
			ExecutionOrderSort (0ms)
			DisableScriptedObjects (70ms)
			BackupInstance (0ms)
			ReleaseScriptingObjects (0ms)
			CreateAndSetChildDomain (128ms)
		EndReloadAssembly (2309ms)
			LoadAssemblies (220ms)
			RebuildTransferFunctionScriptingTraits (0ms)
			SetupTypeCache (366ms)
			ReleaseScriptCaches (13ms)
			RebuildScriptCaches (49ms)
			SetupLoadedEditorAssemblies (1446ms)
				LogAssemblyErrors (0ms)
				InitializePlatformSupportModulesInManaged (116ms)
				SetLoadedEditorAssemblies (2ms)
				RefreshPlugins (1ms)
				BeforeProcessingInitializeOnLoad (146ms)
				ProcessInitializeOnLoadAttributes (1053ms)
				ProcessInitializeOnLoadMethodAttributes (127ms)
				AfterProcessingInitializeOnLoad (1ms)
				EditorAssembliesLoaded (0ms)
			ExecutionOrderSort2 (0ms)
			AwakeInstancesAfterBackupRestoration (13ms)
Platform modules already initialized, skipping
Refreshing native plugins compatible for Editor in 1.19 ms, found 2 plugins.
Preloading 0 native plugins for Editor in 0.00 ms.
Unloading 3221 Unused Serialized files (Serialized files now loaded: 0)
Unloading 16 unused Assets / (71.6 KB). Loaded Objects now: 3734.
Memory consumption went from 234.7 MB to 234.6 MB.
Total: 8.956500 ms (FindLiveObjects: 0.389750 ms CreateObjectMapping: 0.146542 ms MarkObjects: 8.296541 ms  DeleteObjects: 0.122208 ms)

AssetImportParameters requested are different than current active one (requested -> active):
  custom:video-decoder-ogg-theora: a1e56fd34408186e4bbccfd4996cb3dc -> 
  custom:container-muxer-webm: aa71ff27fc2769a1b78a27578f13a17b -> 
  custom:container-demuxer-webm: 4f35f7cbe854078d1ac9338744f61a02 -> 
  custom:video-encoder-webm-vp8: eb34c28f22e8b96e1ab97ce403110664 -> 
  custom:framework-osx-AVFoundation: e770b220cccbd017edd2c1fefb359320 -> 
  custom:audio-encoder-webm-vorbis: bf7c407c2cedff20999df2af8eb42d56 -> 
  custom:container-demuxer-ogg: 62fdf1f143b41e24485cea50d1cbac27 -> 
  custom:video-decoder-webm-vp8: 9c59270c3fd7afecdb556c50c9e8de78 -> 
  custom:audio-decoder-ogg-vorbis: bf7c407c2cedff20999df2af8eb42d56 -> 
========================================================================
Received Import Request.
  Time since last request: 434.252576 seconds.
  path: Assets/Material/Mat1 3.mat
  artifactKey: Guid(a27e3adaaa8854db983513857c41f460) Importer(815301076,1909f56bfc062723c751e8b465ee728b)
Start importing Assets/Material/Mat1 3.mat using Guid(a27e3adaaa8854db983513857c41f460) Importer(815301076,1909f56bfc062723c751e8b465ee728b)  -> (artifact id: 'a171728e62e5a8141884b7a20ff14c8a') in 0.335905 seconds 
========================================================================
Received Import Request.
  Time since last request: 0.000784 seconds.
  path: Assets/Scenes
  artifactKey: Guid(6ea315d0fd7389c41b19996891e99ae3) Importer(815301076,1909f56bfc062723c751e8b465ee728b)
Start importing Assets/Scenes using Guid(6ea315d0fd7389c41b19996891e99ae3) Importer(815301076,1909f56bfc062723c751e8b465ee728b)  -> (artifact id: 'b8193726cff86800c54781cdc6d54904') in 0.000673 seconds 
========================================================================
Received Import Request.
  Time since last request: 0.001620 seconds.
  path: Assets/Material/Mat1 1.mat
  artifactKey: Guid(ef27bffca5f624e5d98a9f8e2e644eb1) Importer(815301076,1909f56bfc062723c751e8b465ee728b)
Start importing Assets/Material/Mat1 1.mat using Guid(ef27bffca5f624e5d98a9f8e2e644eb1) Importer(815301076,1909f56bfc062723c751e8b465ee728b)  -> (artifact id: 'e3e5f1030b8f1324ca7a616e40d15723') in 0.013500 seconds 
========================================================================
Received Import Request.
  Time since last request: 0.000067 seconds.
  path: Assets/Material/Mat1 2.mat
  artifactKey: Guid(a118efc381951459686279a866a459a9) Importer(815301076,1909f56bfc062723c751e8b465ee728b)
Start importing Assets/Material/Mat1 2.mat using Guid(a118efc381951459686279a866a459a9) Importer(815301076,1909f56bfc062723c751e8b465ee728b)  -> (artifact id: '8ffe19763d41d23a43f3a69e2a80047f') in 0.011156 seconds 
========================================================================
Received Import Request.
  Time since last request: 0.000068 seconds.
  path: Assets/Material/Mat1.mat
  artifactKey: Guid(8cf24fcd463b54985bfd724e72e5abbc) Importer(815301076,1909f56bfc062723c751e8b465ee728b)
Start importing Assets/Material/Mat1.mat using Guid(8cf24fcd463b54985bfd724e72e5abbc) Importer(815301076,1909f56bfc062723c751e8b465ee728b)  -> (artifact id: '62592a7efeabcd04e66b79446a5f10b5') in 0.007249 seconds 
========================================================================
Received Import Request.
  Time since last request: 0.000069 seconds.
  path: Assets/Scenes/SampleScene.unity
  artifactKey: Guid(9fc0d4010bbf28b4594072e72b8655ab) Importer(815301076,1909f56bfc062723c751e8b465ee728b)
Start importing Assets/Scenes/SampleScene.unity using Guid(9fc0d4010bbf28b4594072e72b8655ab) Importer(815301076,1909f56bfc062723c751e8b465ee728b)  -> (artifact id: 'ec378be16967d7988afe429691ea3a62') in 0.001066 seconds 
